[0503/210728:WARNING:resource_bundle.cc(304)] locale_file_path.empty()
[0503/210728:ERROR:main_delegate.cc(564)] Could not load locale pak for en-US
[0503/210728:ERROR:main_delegate.cc(571)] Could not load cef.pak
[0503/210728:ERROR:main_delegate.cc(588)] Could not load cef_100_percent.pak
[0503/210728:WARNING:resource_bundle.cc(497)] locale resources are not loaded
[0503/210728:WARNING:resource_bundle.cc(304)] locale_file_path.empty()
[0503/210728:ERROR:main_delegate.cc(564)] Could not load locale pak for en-US
[0503/210728:ERROR:main_delegate.cc(571)] Could not load cef.pak
[0503/210728:ERROR:main_delegate.cc(588)] Could not load cef_100_percent.pak
[0503/210732:WARNING:resource_bundle.cc(304)] locale_file_path.empty()
[0503/210732:ERROR:main_delegate.cc(564)] Could not load locale pak for en-US
[0503/210732:ERROR:main_delegate.cc(571)] Could not load cef.pak
[0503/210732:ERROR:main_delegate.cc(588)] Could not load cef_100_percent.pak
[0503/210732:ERROR:renderer_main.cc(207)] Running without renderer sandbox
[0503/211255:WARNING:resource_bundle.cc(304)] locale_file_path.empty()
[0503/211255:ERROR:main_delegate.cc(564)] Could not load locale pak for en-US
[0503/211255:ERROR:main_delegate.cc(571)] Could not load cef.pak
[0503/211255:ERROR:main_delegate.cc(588)] Could not load cef_100_percent.pak
[0503/211255:WARNING:resource_bundle.cc(497)] locale resources are not loaded
[0503/211255:WARNING:resource_bundle.cc(304)] locale_file_path.empty()
[0503/211255:ERROR:main_delegate.cc(564)] Could not load locale pak for en-US
[0503/211255:ERROR:main_delegate.cc(571)] Could not load cef.pak
[0503/211255:ERROR:main_delegate.cc(588)] Could not load cef_100_percent.pak
[0503/211303:WARNING:resource_bundle.cc(304)] locale_file_path.empty()
[0503/211303:ERROR:main_delegate.cc(564)] Could not load locale pak for en-US
[0503/211303:ERROR:main_delegate.cc(571)] Could not load cef.pak
[0503/211303:ERROR:main_delegate.cc(588)] Could not load cef_100_percent.pak
[0503/211303:WARNING:resource_bundle.cc(497)] locale resources are not loaded
[0503/211303:WARNING:resource_bundle.cc(304)] locale_file_path.empty()
[0503/211303:ERROR:main_delegate.cc(564)] Could not load locale pak for en-US
[0503/211303:ERROR:main_delegate.cc(571)] Could not load cef.pak
[0503/211303:ERROR:main_delegate.cc(588)] Could not load cef_100_percent.pak
[0503/211307:WARNING:resource_bundle.cc(304)] locale_file_path.empty()
[0503/211307:ERROR:main_delegate.cc(564)] Could not load locale pak for en-US
[0503/211307:ERROR:main_delegate.cc(571)] Could not load cef.pak
[0503/211307:ERROR:main_delegate.cc(588)] Could not load cef_100_percent.pak
[0503/211307:ERROR:renderer_main.cc(207)] Running without renderer sandbox
[0503/211318:WARNING:resource_bundle.cc(304)] locale_file_path.empty()
[0503/211318:ERROR:main_delegate.cc(564)] Could not load locale pak for en-US
[0503/211318:ERROR:main_delegate.cc(571)] Could not load cef.pak
[0503/211318:ERROR:main_delegate.cc(588)] Could not load cef_100_percent.pak
[0503/211318:WARNING:resource_bundle.cc(497)] locale resources are not loaded
[0503/211318:WARNING:resource_bundle.cc(304)] locale_file_path.empty()
[0503/211318:ERROR:main_delegate.cc(564)] Could not load locale pak for en-US
[0503/211318:ERROR:main_delegate.cc(571)] Could not load cef.pak
[0503/211318:ERROR:main_delegate.cc(588)] Could not load cef_100_percent.pak
[0503/211321:WARNING:resource_bundle.cc(304)] locale_file_path.empty()
[0503/211321:ERROR:main_delegate.cc(564)] Could not load locale pak for en-US
[0503/211321:ERROR:main_delegate.cc(571)] Could not load cef.pak
[0503/211321:ERROR:main_delegate.cc(588)] Could not load cef_100_percent.pak
[0503/211321:ERROR:renderer_main.cc(207)] Running without renderer sandbox
